==============================
Ejecutandose en: gaia-gen3-02.geofisica.unam.mx
Fecha: Thu Dec 8 14:40:35 CST 2022
Directorio: /home/jdiaz/Final_PhD/Amatrice/DGrun/TestAmatrice
Recursos asignados:
gaia-gen3-02.geofisica.unam.mx
gaia-gen3-02.geofisica.unam.mx
gaia-gen3-02.geofisica.unam.mx
gaia-gen3-02.geofisica.unam.mx
gaia-gen3-02.geofisica.unam.mx
gaia-gen3-02.geofisica.unam.mx
gaia-gen3-02.geofisica.unam.mx
gaia-gen3-02.geofisica.unam.mx
gaia-gen3-02.geofisica.unam.mx
gaia-gen3-02.geofisica.unam.mx
gaia-gen3-02.geofisica.unam.mx
gaia-gen3-02.geofisica.unam.mx
gaia-gen3-02.geofisica.unam.mx
gaia-gen3-02.geofisica.unam.mx
gaia-gen3-02.geofisica.unam.mx
gaia-gen3-02.geofisica.unam.mx
gaia-gen3-02.geofisica.unam.mx
gaia-gen3-02.geofisica.unam.mx
gaia-gen3-02.geofisica.unam.mx
gaia-gen3-02.geofisica.unam.mx
gaia-gen3-02.geofisica.unam.mx
gaia-gen3-02.geofisica.unam.mx
gaia-gen3-02.geofisica.unam.mx
gaia-gen3-02.geofisica.unam.mx
gaia-gen3-02.geofisica.unam.mx
gaia-gen3-02.geofisica.unam.mx
gaia-gen3-02.geofisica.unam.mx
gaia-gen3-02.geofisica.unam.mx
gaia-gen3-02.geofisica.unam.mx
gaia-gen3-02.geofisica.unam.mx
gaia-gen3-02.geofisica.unam.mx
gaia-gen3-02.geofisica.unam.mx
gaia-gen3-01.geofisica.unam.mx
gaia-gen3-01.geofisica.unam.mx
gaia-gen3-01.geofisica.unam.mx
gaia-gen3-01.geofisica.unam.mx
gaia-gen3-01.geofisica.unam.mx
gaia-gen3-01.geofisica.unam.mx
gaia-gen3-01.geofisica.unam.mx
gaia-gen3-01.geofisica.unam.mx
gaia-gen3-01.geofisica.unam.mx
gaia-gen3-01.geofisica.unam.mx
gaia-gen3-01.geofisica.unam.mx
gaia-gen3-01.geofisica.unam.mx
gaia-gen3-01.geofisica.unam.mx
gaia-gen3-01.geofisica.unam.mx
gaia-gen3-01.geofisica.unam.mx
gaia-gen3-01.geofisica.unam.mx
gaia-gen3-01.geofisica.unam.mx
gaia-gen3-01.geofisica.unam.mx
gaia-gen3-01.geofisica.unam.mx
gaia-gen3-01.geofisica.unam.mx
gaia-gen3-01.geofisica.unam.mx
gaia-gen3-01.geofisica.unam.mx
gaia-gen3-01.geofisica.unam.mx
gaia-gen3-01.geofisica.unam.mx
gaia-gen3-01.geofisica.unam.mx
gaia-gen3-01.geofisica.unam.mx
gaia-gen3-01.geofisica.unam.mx
gaia-gen3-01.geofisica.unam.mx
gaia-gen3-01.geofisica.unam.mx
gaia-gen3-01.geofisica.unam.mx
gaia-gen3-01.geofisica.unam.mx
gaia-gen3-01.geofisica.unam.mx
gaia-gen2-20.geofisica.unam.mx
gaia-gen2-20.geofisica.unam.mx
gaia-gen2-20.geofisica.unam.mx
gaia-gen2-20.geofisica.unam.mx
gaia-gen2-20.geofisica.unam.mx
gaia-gen2-20.geofisica.unam.mx
gaia-gen2-20.geofisica.unam.mx
gaia-gen2-20.geofisica.unam.mx
gaia-gen2-20.geofisica.unam.mx
gaia-gen2-20.geofisica.unam.mx
gaia-gen2-20.geofisica.unam.mx
gaia-gen2-20.geofisica.unam.mx
gaia-gen2-20.geofisica.unam.mx
gaia-gen2-20.geofisica.unam.mx
gaia-gen2-20.geofisica.unam.mx
gaia-gen2-20.geofisica.unam.mx
gaia-gen2-20.geofisica.unam.mx
gaia-gen2-20.geofisica.unam.mx
gaia-gen2-20.geofisica.unam.mx
gaia-gen2-20.geofisica.unam.mx
gaia-gen2-20.geofisica.unam.mx
gaia-gen2-20.geofisica.unam.mx
gaia-gen2-20.geofisica.unam.mx
gaia-gen2-20.geofisica.unam.mx
gaia-gen2-20.geofisica.unam.mx
gaia-gen2-20.geofisica.unam.mx
gaia-gen2-20.geofisica.unam.mx
gaia-gen2-20.geofisica.unam.mx
gaia-gen2-20.geofisica.unam.mx
gaia-gen2-20.geofisica.unam.mx
gaia-gen2-20.geofisica.unam.mx
gaia-gen2-20.geofisica.unam.mx
gaia-gen2-19.geofisica.unam.mx
gaia-gen2-19.geofisica.unam.mx
gaia-gen2-19.geofisica.unam.mx
gaia-gen2-19.geofisica.unam.mx
gaia-gen2-19.geofisica.unam.mx
gaia-gen2-19.geofisica.unam.mx
gaia-gen2-19.geofisica.unam.mx
gaia-gen2-19.geofisica.unam.mx
gaia-gen2-19.geofisica.unam.mx
gaia-gen2-19.geofisica.unam.mx
gaia-gen2-19.geofisica.unam.mx
gaia-gen2-19.geofisica.unam.mx
gaia-gen2-19.geofisica.unam.mx
gaia-gen2-19.geofisica.unam.mx
gaia-gen2-19.geofisica.unam.mx
gaia-gen2-19.geofisica.unam.mx
gaia-gen2-19.geofisica.unam.mx
gaia-gen2-19.geofisica.unam.mx
gaia-gen2-19.geofisica.unam.mx
gaia-gen2-19.geofisica.unam.mx
gaia-gen2-19.geofisica.unam.mx
gaia-gen2-19.geofisica.unam.mx
gaia-gen2-19.geofisica.unam.mx
gaia-gen2-19.geofisica.unam.mx
gaia-gen2-19.geofisica.unam.mx
gaia-gen2-19.geofisica.unam.mx
gaia-gen2-19.geofisica.unam.mx
gaia-gen2-19.geofisica.unam.mx
gaia-gen2-19.geofisica.unam.mx
gaia-gen2-19.geofisica.unam.mx
gaia-gen2-19.geofisica.unam.mx
gaia-gen2-19.geofisica.unam.mx
Total: 128 cpus
==============================
SALIDA
==============================
  
 ======================================================================
  
                                 GeoDG3D
  
                          SVN revision is 4398
  From https://svn.oca.eu/codes/SEISCOPE_CODES/GEOINV3D/trunk/DGM
              Last changed 25 Nov 2013 at 22:08:11 by pajotb
  
 
                       3D Viscoelastic wave modelling
                       with Discontinuous Galerkin Pk
                             on tetrahedral mesh
  
 ======================================================================
  
  Effective number of processes :          128
  Computations are performed in SIMPLE PRECISION 
 
 ----------------------------------------------------------------------
  1. CONFIGURATION PARAMETERS
 ----------------------------------------------------------------------
 
  Restart mode 
  
  Non-blocking communication mode 
 
  No debug info
 
  Pk adapt activated
  P0 if radius <  lambda_min /   100.0000    
  P1 if radius <  lamdda_min /   70.00000    
  P2 if radius >= lambda_min /   70.00000    
  
  Snaphots capture activated
  
  Minimum output info level
  
  Mesh read from file
 
  Output pressure and velocity components
  - Time series (seismograms)
 
  Maximum authorized elapse time in sec   674400.0    
  Total time                     :    40.0000
 
  Kinematic rupture simulation
 
  Nb sources in parallel            1
 
 ----------------------------------------------------------------------
  2. READ THE MESH FROM DISK
 ----------------------------------------------------------------------
  Subdomains definition OK
  Nodes distribution OK
  Tetrahedra distribution OK
  External faces distribution OK
  Fault faces distribution OK
  
 ----------------------------------------------------------------------
  MESH STATISTICS
 ----------------------------------------------------------------------
  
  Number of nodes                      :       113619
  Number of tetrahedra                 :       559794
  Number of external faces             :       102634
       - free surface faces            :       102634
       - rigid surface faces           :            0
       - no condition faces            :            0
  Number of artificial faces           :        67102
  Number of fault faces                :         3080
  
  Nb tetrahedra per proc (min-max)     :       3460      5674
  
  Max nb of tetra sharing one node     :           50
  
  Total volume                         :    0.607895E+15
  
  Extremum of vertex coordinates
  XMIN :    300000.00    and XMAX :    400000.00
  YMIN :   4680000.00    and YMAX :   4780000.00
  ZMIN :    -60000.00    and ZMAX :      2842.33
  
  
 ----------------------------------------------------------------------
  PHYSICAL PROPERTIES
 ----------------------------------------------------------------------
  
  Physical properties are read from files
 
  VP is taken from 
 ./vp_AmatricePizzi2017_dhF500m.mesh                                            
  
 
  VS is taken from 
 ./vs_AmatricePizzi2017_dhF500m.mesh                                            
  
 
  RHO is taken from 
 ./rho_AmatricePizzi2017_dhF500m.mesh                                           
  
 
  QP is taken from 
 ./qp_AmatricePizzi2017_dhF500m.mesh                                            
  
 
  QS is taken from 
 ./qs_AmatricePizzi2017_dhF500m.mesh                                            
  
  
  Extremum 
  VP MIN  :  3160.0000    and MAX :  7800.0000
  VS MIN  :  1700.0000    and MAX :  4200.0000
  RHO MIN :  2500.0000    and MAX :  3500.0000
  QP MIN  :   200.0000    and MAX :   400.0000
  QS MIN  :   100.0000    and MAX :   200.0000
 
  Read acquisition file
 GEODG3D.acquisition                                                            
  
  FIXED acquisition 
  Nb sources              1
  Nb receivers            1
 
  Min and max nb src by communicator           1           1
  
 ----------------------------------------------------------------------
  3.a CONSTRUCTION OF THE COMMUNICATION STRUCTURES FOR THE FAULT 
 ----------------------------------------------------------------------
  
  Nb neighbour subdomains (max - min)           :           17           3
  Nb artifical fault faces / proc (max - min)   :           38           0
  
 ----------------------------------------------------------------------
  3. CONSTRUCTION OF THE COMMUNICATION STRUCTURES 
 ----------------------------------------------------------------------
  
  Nb neighbour subdomains (max - min)     :           17           3
  Nb artifical faces / proc (max - min)   :         2272         368
  Nb faces between subdomains (max - min) :          501         155
  
 ----------------------------------------------------------------------
  Time step :  0.0020271
  Nb step   :  19734
 ----------------------------------------------------------------------
  
  Time step to record the seismograms:  0.0486502
  Size of the seismograms:          822
  
 ----------------------------------------------------------------------
  VISCOELASTIC PROPERTIES
 ----------------------------------------------------------------------
  
  Relaxation frequencies 
    relax_freq( 1) =   0.99999998E-02
    relax_freq( 2) =   0.22360682E+00
    relax_freq( 3) =   0.50000010E+01
 
 ----------------------------------------------------------------------
  CELLS STATISTICS
 ----------------------------------------------------------------------
 
  Nb P0 cells                    55 [  0.01% cells ,   0.00% vol.]
  Nb P0 CPML cells               10 [  0.00% cells ,   0.00% vol.]
  Nb P1 cells                   319 [  0.06% cells ,   0.00% vol.]
  Nb P1 CPML cells           119014 [ 21.26% cells ,  25.73% vol.]
  Nb P2 cells                434236 [ 77.57% cells ,  74.24% vol.]
  Nb P2 CPML cells                0 [  0.00% cells ,   0.00% vol.]
  Nb P2 FAULT cells            6160 [  1.10% cells ,   0.04% vol.]
 
  Nb TOTAL PML cells         119024 [ 21.26% cells ,  25.73% vol.]
 
  P0 CELLS                   MIN.               MAX.              AVER.
  Edge length            277.4227          1229.2625           643.2784
  Insphere radius          6.1749            34.7771            17.7351
  Surface             263257.0000       1220311.0000        651064.7500
  Volume             1032250.8125      14136675.0000       4541785.5000
 
  P0 CPML CELLS              MIN.               MAX.              AVER.
  Edge length            500.0005           720.9974           571.2522
  Insphere radius          3.2028            13.7545             9.4548
  Surface             500840.0312        513057.5312        504229.0000
  Volume              534749.3750       2352289.2500       1591295.3750
 
  P1 CELLS                   MIN.               MAX.              AVER.
  Edge length            296.9319          1948.5060           656.0764
  Insphere radius         17.3650            49.7338            27.2074
  Surface             259441.0938       2761306.2500        691945.4375
  Volume             1764794.1250      43015648.0000       7165257.0000
 
  P1 CPML CELLS              MIN.               MAX.              AVER.
  Edge length            145.2366          5199.1582          2116.5903
  Insphere radius         17.1775           744.9886           330.5871
  Surface             116081.9375      26417906.0000       8737808.0000
  Volume             1532550.6250    6333333504.0000    1314178944.0000
 
  P2 CELLS                   MIN.               MAX.              AVER.
  Edge length            142.3206          5250.0000          1791.2029
  Insphere radius         24.2880           774.3104           282.1256
  Surface             109078.4844      25888916.0000       6890957.0000
  Volume             1488894.1250    6666666496.0000    1039230912.0000
 
  P2 FAULT CELLS             MIN.               MAX.              AVER.
  Edge length            499.0270          1340.4338           650.2058
  Insphere radius         95.6510           139.8011           118.8767
  Surface             728251.4375       1344111.6250        884345.1250
  Volume            28957722.0000      62636100.0000      35096260.0000
  
  ==> Time for data and mesh processing :       1.59 sec
  
  Number of pixels in snapshot       25921
  
  ==> Time for snapshot processing :       0.19 sec
  
  Number of receivers            1
  
  --- WARNING --> Nb receivers outside model            1
  List of receivers outside the model
 Receiver            1
  
  Number of free surface receivers           19
  
  Number of fault receivers            1
  
  --- WARNING --> Nb fault receivers outside model            1
  
  ==> Time for src and rec localization :       0.08 sec
  
 ----------------------------------------------------------------------
  4. COMPUTATIONS
 ----------------------------------------------------------------------
 
 --------------------------------------------------------------------
  >>> START LOOP OVER TIME STEP FOR SOURCE            1
 --------------------------------------------------------------------
 
  > Snapshot taken at     0.1987 sec
  
 ...............................................
  Time step :          197
  Time :     0.3993 sec  [  1.00% done]
 
  > Snapshot taken at     0.3993 sec
 
  > Snapshot taken at     0.5980 sec
  
 ...............................................
  Time step :          394
  Time :     0.7987 sec  [  2.00% done]
 
  > Snapshot taken at     0.7987 sec
 
  > Snapshot taken at     0.9994 sec
 
  > Snapshot taken at     1.1980 sec
  
 ...............................................
  Time step :          592
  Time :     1.2000 sec  [  3.00% done]
 
  > Snapshot taken at     1.3987 sec
  
 ...............................................
  Time step :          789
  Time :     1.5994 sec  [  4.00% done]
 
  > Snapshot taken at     1.5994 sec
 
  > Snapshot taken at     1.7980 sec
  
 ...............................................
  Time step :          986
  Time :     1.9987 sec  [  5.00% done]
 
  > Snapshot taken at     1.9987 sec
 
  > Snapshot taken at     2.1994 sec
 
  > Snapshot taken at     2.3980 sec
  
 ...............................................
  Time step :         1184
  Time :     2.4001 sec  [  6.00% done]
 
  > Snapshot taken at     2.5987 sec
  
 ...............................................
  Time step :         1381
  Time :     2.7994 sec  [  7.00% done]
 
  > Snapshot taken at     2.7994 sec
 
  > Snapshot taken at     2.9981 sec
  
 ...............................................
  Time step :         1578
  Time :     3.1987 sec  [  8.00% done]
 
  > Snapshot taken at     3.1987 sec
 
  > Snapshot taken at     3.3994 sec
 
  > Snapshot taken at     3.5981 sec
  
 ...............................................
  Time step :         1776
  Time :     3.6001 sec  [  9.00% done]
 
  > Snapshot taken at     3.7988 sec
  
 ...............................................
  Time step :         1973
  Time :     3.9994 sec  [ 10.00% done]
 
  > Snapshot taken at     3.9994 sec
 
  > Snapshot taken at     4.1981 sec
  
 ...............................................
  Time step :         2170
  Time :     4.3988 sec  [ 11.00% done]
 
  > Snapshot taken at     4.3988 sec
 
  > Snapshot taken at     4.5995 sec
 
  > Snapshot taken at     4.7981 sec
  
 ...............................................
  Time step :         2368
  Time :     4.8001 sec  [ 12.00% done]
 
  > Snapshot taken at     4.9988 sec
  
 ...............................................
  Time step :         2565
  Time :     5.1995 sec  [ 13.00% done]
 
  > Snapshot taken at     5.1995 sec
 
  > Snapshot taken at     5.3981 sec
  
 ...............................................
  Time step :         2762
  Time :     5.5988 sec  [ 14.00% done]
 
  > Snapshot taken at     5.5988 sec
 
  > Snapshot taken at     5.7995 sec
 
  > Snapshot taken at     5.9982 sec
  
 ...............................................
  Time step :         2960
  Time :     6.0002 sec  [ 15.00% done]
 
  > Snapshot taken at     6.1988 sec
  
 ...............................................
  Time step :         3157
  Time :     6.3995 sec  [ 16.00% done]
 
  > Snapshot taken at     6.3995 sec
 
  > Snapshot taken at     6.5982 sec
  
 ...............................................
  Time step :         3354
  Time :     6.7989 sec  [ 17.00% done]
 
  > Snapshot taken at     6.7989 sec
 
  > Snapshot taken at     6.9995 sec
 
  > Snapshot taken at     7.1982 sec
  
 ...............................................
  Time step :         3552
  Time :     7.2002 sec  [ 18.00% done]
 
  > Snapshot taken at     7.3989 sec
  
 ...............................................
  Time step :         3749
  Time :     7.5996 sec  [ 19.00% done]
 
  > Snapshot taken at     7.5996 sec
 
  > Snapshot taken at     7.7982 sec
  
 ...............................................
  Time step :         3946
  Time :     7.9989 sec  [ 20.00% done]
 
  > Snapshot taken at     7.9989 sec
 
  > Snapshot taken at     8.1996 sec
 
  > Snapshot taken at     8.3982 sec
  
 ...............................................
  Time step :         4144
  Time :     8.4003 sec  [ 21.00% done]
 
  > Snapshot taken at     8.5989 sec
  
 ...............................................
  Time step :         4341
  Time :     8.7996 sec  [ 22.00% done]
 
  > Snapshot taken at     8.7996 sec
 
  > Snapshot taken at     8.9983 sec
  
 ...............................................
  Time step :         4538
  Time :     9.1989 sec  [ 23.00% done]
 
  > Snapshot taken at     9.1989 sec
 
  > Snapshot taken at     9.3996 sec
 
  > Snapshot taken at     9.5983 sec
  
 ...............................................
  Time step :         4736
  Time :     9.6003 sec  [ 24.00% done]
 
  > Snapshot taken at     9.7990 sec
  
 ...............................................
  Time step :         4933
  Time :     9.9996 sec  [ 25.00% done]
 
  > Snapshot taken at     9.9996 sec
 
  > Snapshot taken at    10.1983 sec
  
 ...............................................
  Time step :         5130
  Time :    10.3990 sec  [ 26.00% done]
 
  > Snapshot taken at    10.3990 sec
 
  > Snapshot taken at    10.5997 sec
 
  > Snapshot taken at    10.7983 sec
  
 ...............................................
  Time step :         5328
  Time :    10.8003 sec  [ 27.00% done]
 
  > Snapshot taken at    10.9990 sec
  
 ...............................................
  Time step :         5525
  Time :    11.1997 sec  [ 28.00% done]
 
  > Snapshot taken at    11.1997 sec
 
  > Snapshot taken at    11.3983 sec
  
 ...............................................
  Time step :         5722
  Time :    11.5990 sec  [ 29.00% done]
 
  > Snapshot taken at    11.5990 sec
 
  > Snapshot taken at    11.7997 sec
 
  > Snapshot taken at    11.9983 sec
  
 ...............................................
  Time step :         5920
  Time :    12.0004 sec  [ 30.00% done]
 
  > Snapshot taken at    12.1990 sec
  
 ...............................................
  Time step :         6117
  Time :    12.3997 sec  [ 31.00% done]
 
  > Snapshot taken at    12.3997 sec
 
  > Snapshot taken at    12.5984 sec
  
 ...............................................
  Time step :         6314
  Time :    12.7990 sec  [ 32.00% done]
 
  > Snapshot taken at    12.7990 sec
 
  > Snapshot taken at    12.9997 sec
 
  > Snapshot taken at    13.1984 sec
  
 ...............................................
  Time step :         6512
  Time :    13.2004 sec  [ 33.00% done]
 
  > Snapshot taken at    13.3991 sec
  
 ...............................................
  Time step :         6709
  Time :    13.5997 sec  [ 34.00% done]
 
  > Snapshot taken at    13.5997 sec
 
  > Snapshot taken at    13.7984 sec
  
 ...............................................
  Time step :         6906
  Time :    13.9991 sec  [ 35.00% done]
 
  > Snapshot taken at    13.9991 sec
 
  > Snapshot taken at    14.1998 sec
 
  > Snapshot taken at    14.3984 sec
  
 ...............................................
  Time step :         7104
  Time :    14.4005 sec  [ 36.00% done]
 
  > Snapshot taken at    14.5991 sec
  
 ...............................................
  Time step :         7301
  Time :    14.7998 sec  [ 37.00% done]
 
  > Snapshot taken at    14.7998 sec
 
  > Snapshot taken at    14.9984 sec
  
 ...............................................
  Time step :         7498
  Time :    15.1991 sec  [ 38.00% done]
 
  > Snapshot taken at    15.1991 sec
 
  > Snapshot taken at    15.3998 sec
 
  > Snapshot taken at    15.5985 sec
  
 ...............................................
  Time step :         7696
  Time :    15.6005 sec  [ 39.00% done]
 
  > Snapshot taken at    15.7991 sec
  
 ...............................................
  Time step :         7893
  Time :    15.9998 sec  [ 40.00% done]
 
  > Snapshot taken at    15.9998 sec
 
  > Snapshot taken at    16.1985 sec
  
 ...............................................
  Time step :         8090
  Time :    16.3992 sec  [ 41.00% done]
 
  > Snapshot taken at    16.3992 sec
 
  > Snapshot taken at    16.5998 sec
 
  > Snapshot taken at    16.7985 sec
  
 ...............................................
  Time step :         8288
  Time :    16.8005 sec  [ 42.00% done]
 
  > Snapshot taken at    16.9992 sec
  
 ...............................................
  Time step :         8485
  Time :    17.1999 sec  [ 43.00% done]
 
  > Snapshot taken at    17.1999 sec
 
  > Snapshot taken at    17.3985 sec
  
 ...............................................
  Time step :         8682
  Time :    17.5992 sec  [ 44.00% done]
 
  > Snapshot taken at    17.5992 sec
 
  > Snapshot taken at    17.7999 sec
 
  > Snapshot taken at    17.9985 sec
  
 ...............................................
  Time step :         8880
  Time :    18.0006 sec  [ 45.00% done]
 
  > Snapshot taken at    18.1992 sec
  
 ...............................................
  Time step :         9077
  Time :    18.3999 sec  [ 46.00% done]
 
  > Snapshot taken at    18.3999 sec
 
  > Snapshot taken at    18.5986 sec
  
 ...............................................
  Time step :         9274
  Time :    18.7992 sec  [ 47.00% done]
 
  > Snapshot taken at    18.7992 sec
 
  > Snapshot taken at    18.9999 sec
 
  > Snapshot taken at    19.1986 sec
  
 ...............................................
  Time step :         9472
  Time :    19.2006 sec  [ 48.00% done]
 
  > Snapshot taken at    19.3993 sec
  
 ...............................................
  Time step :         9669
  Time :    19.5999 sec  [ 49.00% done]
 
  > Snapshot taken at    19.5999 sec
 
  > Snapshot taken at    19.7986 sec
 
  > Snapshot taken at    19.9993 sec
  
 ...............................................
  Time step :         9867
  Time :    20.0013 sec  [ 50.00% done]
 
  > Snapshot taken at    20.2000 sec
 
  > Snapshot taken at    20.3986 sec
  
 ...............................................
  Time step :        10064
  Time :    20.4006 sec  [ 51.00% done]
 
  > Snapshot taken at    20.5993 sec
  
 ...............................................
  Time step :        10261
  Time :    20.8000 sec  [ 52.00% done]
 
  > Snapshot taken at    20.8000 sec
 
  > Snapshot taken at    20.9986 sec
 
  > Snapshot taken at    21.1993 sec
  
 ...............................................
  Time step :        10459
  Time :    21.2013 sec  [ 53.00% done]
 
  > Snapshot taken at    21.4000 sec
 
  > Snapshot taken at    21.5986 sec
  
 ...............................................
  Time step :        10656
  Time :    21.6007 sec  [ 54.00% done]
 
  > Snapshot taken at    21.7993 sec
 
  > Snapshot taken at    21.9980 sec
  
 ...............................................
  Time step :        10853
  Time :    22.0000 sec  [ 55.00% done]
 
  > Snapshot taken at    22.1987 sec
 
  > Snapshot taken at    22.3993 sec
  
 ...............................................
  Time step :        11051
  Time :    22.4014 sec  [ 56.00% done]
 
  > Snapshot taken at    22.5980 sec
 
  > Snapshot taken at    22.7987 sec
  
 ...............................................
  Time step :        11248
  Time :    22.8007 sec  [ 57.00% done]
 
  > Snapshot taken at    22.9994 sec
 
  > Snapshot taken at    23.1980 sec
  
 ...............................................
  Time step :        11445
  Time :    23.2001 sec  [ 58.00% done]
 
  > Snapshot taken at    23.3987 sec
 
  > Snapshot taken at    23.5994 sec
  
 ...............................................
  Time step :        11643
  Time :    23.6014 sec  [ 59.00% done]
 
  > Snapshot taken at    23.7980 sec
 
  > Snapshot taken at    23.9987 sec
  
 ...............................................
  Time step :        11840
  Time :    24.0007 sec  [ 60.00% done]
 
  > Snapshot taken at    24.1994 sec
 
  > Snapshot taken at    24.3981 sec
  
 ...............................................
  Time step :        12037
  Time :    24.4001 sec  [ 61.00% done]
 
  > Snapshot taken at    24.5987 sec
 
  > Snapshot taken at    24.7994 sec
  
 ...............................................
  Time step :        12235
  Time :    24.8015 sec  [ 62.00% done]
 
  > Snapshot taken at    24.9981 sec
 
  > Snapshot taken at    25.1988 sec
  
 ...............................................
  Time step :        12432
  Time :    25.2008 sec  [ 63.00% done]
 
  > Snapshot taken at    25.3994 sec
 
  > Snapshot taken at    25.5981 sec
  
 ...............................................
  Time step :        12629
  Time :    25.6001 sec  [ 64.00% done]
 
  > Snapshot taken at    25.7988 sec
 
  > Snapshot taken at    25.9995 sec
  
 ...............................................
  Time step :        12827
  Time :    26.0015 sec  [ 65.00% done]
 
  > Snapshot taken at    26.1981 sec
 
  > Snapshot taken at    26.3988 sec
  
 ...............................................
  Time step :        13024
  Time :    26.4008 sec  [ 66.00% done]
 
  > Snapshot taken at    26.5995 sec
 
  > Snapshot taken at    26.7981 sec
  
 ...............................................
  Time step :        13221
  Time :    26.8002 sec  [ 67.00% done]
 
  > Snapshot taken at    26.9988 sec
 
  > Snapshot taken at    27.1995 sec
  
 ...............................................
  Time step :        13419
  Time :    27.2015 sec  [ 68.00% done]
 
  > Snapshot taken at    27.3982 sec
 
  > Snapshot taken at    27.5988 sec
  
 ...............................................
  Time step :        13616
  Time :    27.6009 sec  [ 69.00% done]
 
  > Snapshot taken at    27.7995 sec
 
  > Snapshot taken at    27.9982 sec
  
 ...............................................
  Time step :        13813
  Time :    28.0002 sec  [ 70.00% done]
 
  > Snapshot taken at    28.1989 sec
 
  > Snapshot taken at    28.3995 sec
  
 ...............................................
  Time step :        14011
  Time :    28.4016 sec  [ 71.00% done]
 
  > Snapshot taken at    28.5982 sec
 
  > Snapshot taken at    28.7989 sec
  
 ...............................................
  Time step :        14208
  Time :    28.8009 sec  [ 72.00% done]
 
  > Snapshot taken at    28.9996 sec
 
  > Snapshot taken at    29.1982 sec
  
 ...............................................
  Time step :        14405
  Time :    29.2002 sec  [ 73.00% done]
 
  > Snapshot taken at    29.3989 sec
 
  > Snapshot taken at    29.5996 sec
  
 ...............................................
  Time step :        14603
  Time :    29.6016 sec  [ 74.00% done]
 
  > Snapshot taken at    29.7982 sec
 
  > Snapshot taken at    29.9989 sec
  
 ...............................................
  Time step :        14800
  Time :    30.0009 sec  [ 75.00% done]
 
  > Snapshot taken at    30.1996 sec
 
  > Snapshot taken at    30.3982 sec
  
 ...............................................
  Time step :        14997
  Time :    30.4003 sec  [ 76.00% done]
 
  > Snapshot taken at    30.5989 sec
 
  > Snapshot taken at    30.7996 sec
  
 ...............................................
  Time step :        15195
  Time :    30.8016 sec  [ 77.00% done]
 
  > Snapshot taken at    30.9983 sec
 
  > Snapshot taken at    31.1989 sec
  
 ...............................................
  Time step :        15392
  Time :    31.2010 sec  [ 78.00% done]
 
  > Snapshot taken at    31.3996 sec
 
  > Snapshot taken at    31.5983 sec
  
 ...............................................
  Time step :        15589
  Time :    31.6003 sec  [ 79.00% done]
 
  > Snapshot taken at    31.7990 sec
 
  > Snapshot taken at    31.9996 sec
  
 ...............................................
  Time step :        15787
  Time :    32.0017 sec  [ 80.00% done]
 
  > Snapshot taken at    32.1983 sec
 
  > Snapshot taken at    32.3990 sec
  
 ...............................................
  Time step :        15984
  Time :    32.4010 sec  [ 81.00% done]
 
  > Snapshot taken at    32.5997 sec
 
  > Snapshot taken at    32.7983 sec
  
 ...............................................
  Time step :        16181
  Time :    32.8004 sec  [ 82.00% done]
 
  > Snapshot taken at    32.9990 sec
 
  > Snapshot taken at    33.1997 sec
  
 ...............................................
  Time step :        16379
  Time :    33.2017 sec  [ 83.00% done]
 
  > Snapshot taken at    33.3983 sec
 
  > Snapshot taken at    33.5990 sec
  
 ...............................................
  Time step :        16576
  Time :    33.6011 sec  [ 84.00% done]
 
  > Snapshot taken at    33.7997 sec
 
  > Snapshot taken at    33.9984 sec
  
 ...............................................
  Time step :        16773
  Time :    34.0004 sec  [ 85.00% done]
 
  > Snapshot taken at    34.1990 sec
 
  > Snapshot taken at    34.3997 sec
  
 ...............................................
  Time step :        16971
  Time :    34.4018 sec  [ 86.00% done]
 
  > Snapshot taken at    34.5984 sec
 
  > Snapshot taken at    34.7991 sec
  
 ...............................................
  Time step :        17168
  Time :    34.8011 sec  [ 87.00% done]
 
  > Snapshot taken at    34.9997 sec
 
  > Snapshot taken at    35.1984 sec
  
 ...............................................
  Time step :        17365
  Time :    35.2004 sec  [ 88.00% done]
 
  > Snapshot taken at    35.3991 sec
 
  > Snapshot taken at    35.5998 sec
  
 ...............................................
  Time step :        17563
  Time :    35.6018 sec  [ 89.00% done]
 
  > Snapshot taken at    35.7984 sec
 
  > Snapshot taken at    35.9991 sec
  
 ...............................................
  Time step :        17760
  Time :    36.0011 sec  [ 90.00% done]
 
  > Snapshot taken at    36.1998 sec
 
  > Snapshot taken at    36.3984 sec
  
 ...............................................
  Time step :        17957
  Time :    36.4005 sec  [ 91.00% done]
 
  > Snapshot taken at    36.5991 sec
 
  > Snapshot taken at    36.7998 sec
  
 ...............................................
  Time step :        18155
  Time :    36.8018 sec  [ 92.00% done]
 
  > Snapshot taken at    36.9985 sec
 
  > Snapshot taken at    37.1991 sec
  
 ...............................................
  Time step :        18352
  Time :    37.2012 sec  [ 93.00% done]
 
  > Snapshot taken at    37.3998 sec
 
  > Snapshot taken at    37.5985 sec
  
 ...............................................
  Time step :        18549
  Time :    37.6005 sec  [ 94.00% done]
 
  > Snapshot taken at    37.7992 sec
 
  > Snapshot taken at    37.9998 sec
  
 ...............................................
  Time step :        18747
  Time :    38.0019 sec  [ 95.00% done]
 
  > Snapshot taken at    38.1985 sec
 
  > Snapshot taken at    38.3992 sec
  
 ...............................................
  Time step :        18944
  Time :    38.4012 sec  [ 96.00% done]
 
  > Snapshot taken at    38.5999 sec
 
  > Snapshot taken at    38.7985 sec
  
 ...............................................
  Time step :        19141
  Time :    38.8005 sec  [ 97.00% done]
 
  > Snapshot taken at    38.9992 sec
 
  > Snapshot taken at    39.1999 sec
  
 ...............................................
  Time step :        19339
  Time :    39.2019 sec  [ 98.00% done]
 
  > Snapshot taken at    39.3985 sec
 
  > Snapshot taken at    39.5992 sec
  
 ...............................................
  Time step :        19536
  Time :    39.6012 sec  [ 99.00% done]
 
  > Snapshot taken at    39.7999 sec
 
  > Snapshot taken at    39.9985 sec
  
 ...............................................
  Time step :        19734
  Time :    40.0026 sec  [100.00% done]
  
  ==> Time for computations :    1549.89 sec
  
  
 ----------------------------------------------------------------------
  End of simulation
  
  Final time :  40.002602 sec
  Number of time steps :        19734
 ----------------------------------------------------------------------
  
  
 ======================================================================
            WARNING, BYTES STILL IN MEMORY          -37319541756
 ======================================================================
  
 ======================================================================
 ----------------------------------------------------------------------
  
       MPI Com time (min)      :      62.46 sec
       MPI Com time (max)      :     473.56 sec
 
       Write result time (min) :       0.01 sec
       Write result time (max) :       1.52 sec
 
       Minimum memory          :       6.72 MB
       Maximum memory          :      46.98 MB
       Total memory            :    1179.36 MB
 
       Aver. time/ cell/ step  :      14.12 micro sec
       Aver. memory/ cell      :    2209.12 bytes
 
       Elapsed time            :    1551.78 sec
 ----------------------------------------------------------------------
 
  For display of output files : 
  - seismograms : n1 (nrec) =           1
  
      End of the program                        
  
 ======================================================================
==============================
